\BOOKMARK [1][-]{section.1}{\376\377\000P\000r\000e\000f\000a\000c\000e}{}% 1
\BOOKMARK [1][-]{section.2}{\376\377\000I\000n\000t\000r\000o\000d\000u\000c\000t\000i\000o\000n}{}% 2
\BOOKMARK [1][-]{section.3}{\376\377\000R\000e\000l\000a\000t\000e\000d\000\040\000W\000o\000r\000k}{}% 3
\BOOKMARK [2][-]{subsection.3.1}{\376\377\000V\000o\000l\000u\000m\000e\000\040\000p\000r\000e\000s\000e\000r\000v\000i\000n\000g\000\040\000d\000e\000f\000o\000r\000m\000a\000t\000i\000o\000n\000s}{section.3}% 4
\BOOKMARK [2][-]{subsection.3.2}{\376\377\000G\000e\000n\000e\000r\000a\000t\000i\000v\000e\000\040\000m\000o\000d\000e\000l\000s\000\040\000f\000o\000r\000\040\0003\000D\000\040\000m\000e\000s\000h\000e\000s}{section.3}% 5
\BOOKMARK [1][-]{section.4}{\376\377\000T\000h\000e\000\040\000D\000a\000t\000a}{}% 6
\BOOKMARK [2][-]{subsubsection.4.0.1}{\376\377\000D\000i\000v\000e\000r\000g\000e\000n\000c\000e\000\040\000F\000r\000e\000e\000\040\000D\000e\000f\000o\000r\000m\000a\000t\000i\000o\000n\000s\000\040\000u\000s\000i\000n\000g\000\040\000L\000a\000p\000l\000a\000c\000i\000a\000n\000\040\000E\000i\000g\000e\000n\000f\000u\000n\000c\000t\000i\000o\000n\000s}{section.4}% 7
\BOOKMARK [3][-]{subsubsection.4.0.2}{\376\377\000D\000i\000v\000e\000r\000g\000e\000n\000c\000e\000\040\000F\000r\000e\000e\000\040\000D\000e\000f\000o\000r\000m\000a\000t\000i\000o\000n\000\040\000u\000s\000i\000n\000g\000\040\000V\000e\000c\000t\000o\000r\000\040\000F\000i\000e\000l\000d\000s}{subsubsection.4.0.1}% 8
\BOOKMARK [2][-]{subsection.4.1}{\376\377\000N\000o\000n\000\040\000d\000i\000v\000e\000r\000g\000e\000n\000c\000e\000-\000f\000r\000e\000e\000\040\000d\000e\000f\000o\000r\000m\000a\000t\000i\000o\000n\000s\000\040\000w\000i\000t\000h\000\040\000n\000o\000r\000m\000a\000l\000i\000z\000a\000t\000i\000o\000n}{section.4}% 9
\BOOKMARK [1][-]{section.5}{\376\377\000G\000e\000n\000e\000r\000a\000t\000i\000v\000e\000\040\000m\000o\000d\000e\000l\000s}{}% 10
\BOOKMARK [2][-]{subsection.5.1}{\376\377\000S\000i\000m\000p\000l\000e\000\040\000A\000u\000t\000o\000e\000n\000c\000o\000d\000e\000r\000\040\000t\000o\000y\000\040\000m\000o\000d\000e\000l}{section.5}% 11
\BOOKMARK [2][-]{subsection.5.2}{\376\377\000S\000i\000m\000p\000l\000e\000\040\000G\000A\000N\000\040\000t\000o\000y\000\040\000m\000o\000d\000e\000l}{section.5}% 12
\BOOKMARK [2][-]{subsection.5.3}{\376\377\000V\000a\000r\000i\000a\000t\000i\000o\000n\000a\000l\000\040\000A\000u\000t\000o\000e\000n\000c\000o\000d\000e\000r\000\040\000m\000o\000d\000e\000l}{section.5}% 13
\BOOKMARK [2][-]{subsection.5.4}{\376\377\000A\000d\000v\000e\000r\000s\000a\000r\000i\000a\000l\000\040\000A\000u\000t\000o\000e\000n\000c\000o\000d\000e\000r\000\040\000m\000o\000d\000e\000l}{section.5}% 14
\BOOKMARK [2][-]{subsection.5.5}{\376\377\000B\000E\000G\000A\000N\000\040\000m\000o\000d\000e\000l}{section.5}% 15
\BOOKMARK [2][-]{subsection.5.6}{\376\377\000V\000A\000E\000G\000A\000N\000\040\000m\000o\000d\000e\000l}{section.5}% 16
\BOOKMARK [2][-]{subsection.5.7}{\376\377\000R\000e\000s\000u\000l\000t\000s}{section.5}% 17
\BOOKMARK [3][-]{subsubsection.5.7.1}{\376\377\000H\000u\000l\000l}{subsection.5.7}% 18
\BOOKMARK [3][-]{subsubsection.5.7.2}{\376\377\000R\000a\000b\000b\000i\000t}{subsection.5.7}% 19
\BOOKMARK [1][-]{section.6}{\376\377\000A\000p\000p\000e\000n\000d\000i\000x}{}% 20
\BOOKMARK [2][-]{subsection.6.1}{\376\377\000P\000r\000o\000o\000f\000\040\000o\000f\000\040\000v\000\040\000e\000x\000p\000r\000e\000s\000s\000i\000o\000n\000\040\000i\000n\000\040\0004\000.\0000\000.\0002}{section.6}% 21
